[Thu Dec 14 12:12:04 2023] [INFO] New grid!
[Thu Dec 14 12:12:10 2023] [INFO] Successfully initiated!
[Thu Dec 14 12:12:12 2023] [INFO] Grids updated!
[Thu Dec 14 12:12:12 2023] [INFO] Grids updated!
[Thu Dec 14 12:12:13 2023] [INFO] Grids updated!
[Thu Dec 14 12:12:13 2023] [INFO] Grids updated!
[Thu Dec 14 12:12:13 2023] [INFO] Grids updated!
[Thu Dec 14 12:12:13 2023] [INFO] Grids updated!
[Thu Dec 14 12:12:13 2023] [INFO] Grids updated!
[Thu Dec 14 12:12:14 2023] [INFO] Grids updated!
[Thu Dec 14 12:12:14 2023] [INFO] Grids updated!
[Thu Dec 14 12:12:14 2023] [INFO] Grids updated!
[Thu Dec 14 12:12:14 2023] [INFO] Grids updated!
[Thu Dec 14 12:12:15 2023] [INFO] Grids updated!
[Thu Dec 14 12:12:15 2023] [INFO] Grids updated!
[Thu Dec 14 12:12:15 2023] [INFO] Grids updated!
[Thu Dec 14 12:12:15 2023] [INFO] Grids updated!
[Thu Dec 14 12:12:16 2023] [INFO] Grids updated!
[Thu Dec 14 12:12:16 2023] [INFO] Grids updated!
[Thu Dec 14 12:12:16 2023] [INFO] Grids updated!
[Thu Dec 14 12:12:16 2023] [INFO] Grids updated!
[Thu Dec 14 12:12:17 2023] [INFO] Grids updated!
[Thu Dec 14 12:12:17 2023] [INFO] Grids updated!
[Thu Dec 14 12:12:17 2023] [INFO] Grids updated!
[Thu Dec 14 12:12:18 2023] [INFO] Grids updated!
[Thu Dec 14 12:12:18 2023] [INFO] Grids updated!
[Thu Dec 14 12:12:19 2023] [INFO] Change mode
[Thu Dec 14 12:12:21 2023] [INFO] Change mode
[Thu Dec 14 12:12:22 2023] [INFO] Change mode
[Thu Dec 14 12:12:27 2023] [INFO] New grid in special mode!
[Thu Dec 14 12:12:30 2023] [INFO] Successfully initiated in special mode!
